#! /opt/homebrew/Cellar/icarus-verilog/12.0/bin/vvp
:ivl_version "12.0 (stable)";
:ivl_delay_selection "TYPICAL";
:vpi_time_precision + 0;
:vpi_module "/opt/homebrew/Cellar/icarus-verilog/12.0/lib/ivl/system.vpi";
:vpi_module "/opt/homebrew/Cellar/icarus-verilog/12.0/lib/ivl/vhdl_sys.vpi";
:vpi_module "/opt/homebrew/Cellar/icarus-verilog/12.0/lib/ivl/vhdl_textio.vpi";
:vpi_module "/opt/homebrew/Cellar/icarus-verilog/12.0/lib/ivl/v2005_math.vpi";
:vpi_module "/opt/homebrew/Cellar/icarus-verilog/12.0/lib/ivl/va_math.vpi";
S_0x12b608d10 .scope module, "adder_testbench" "adder_testbench" 2 15;
 .timescale 0 0;
v0x12b621a70_0 .var "a", 31 0;
v0x12b621b00_0 .var "b", 31 0;
v0x12b621b90_0 .net "cout", 0 0, L_0x12b622210;  1 drivers
v0x12b621c60_0 .net "sum", 31 0, L_0x12b6220f0;  1 drivers
S_0x12b608e80 .scope module, "uut" "adder" 2 20, 2 1 0, S_0x12b608d10;
 .timescale 0 0;
    .port_info 0 /INPUT 32 "a";
    .port_info 1 /INPUT 32 "b";
    .port_info 2 /OUTPUT 32 "sum";
    .port_info 3 /OUTPUT 1 "cout";
v0x12b60efa0_0 .net *"_ivl_0", 32 0, L_0x12b621d10;  1 drivers
L_0x130078010 .functor BUFT 1, C4<0>, C4<0>, C4<0>, C4<0>;
v0x12b6213f0_0 .net *"_ivl_3", 0 0, L_0x130078010;  1 drivers
v0x12b6214a0_0 .net *"_ivl_4", 32 0, L_0x12b621e70;  1 drivers
L_0x130078058 .functor BUFT 1, C4<0>, C4<0>, C4<0>, C4<0>;
v0x12b621560_0 .net *"_ivl_7", 0 0, L_0x130078058;  1 drivers
v0x12b621610_0 .net "a", 31 0, v0x12b621a70_0;  1 drivers
v0x12b621700_0 .net "b", 31 0, v0x12b621b00_0;  1 drivers
v0x12b6217b0_0 .net "cout", 0 0, L_0x12b622210;  alias, 1 drivers
v0x12b621850_0 .net "sum", 31 0, L_0x12b6220f0;  alias, 1 drivers
v0x12b621900_0 .net "x", 32 0, L_0x12b621fb0;  1 drivers
L_0x12b621d10 .concat [ 32 1 0 0], v0x12b621a70_0, L_0x130078010;
L_0x12b621e70 .concat [ 32 1 0 0], v0x12b621b00_0, L_0x130078058;
L_0x12b621fb0 .arith/sum 33, L_0x12b621d10, L_0x12b621e70;
L_0x12b6220f0 .part L_0x12b621fb0, 0, 32;
L_0x12b622210 .part L_0x12b621fb0, 32, 1;
    .scope S_0x12b608d10;
T_0 ;
    %vpi_call 2 28 "$display", "Time\011\011 a\011\011\011 b\011\011\011 sum\011\011\011 cout" {0 0 0};
    %vpi_call 2 29 "$display", "---------------------------------------------------------------" {0 0 0};
    %pushi/vec4 1, 0, 32;
    %store/vec4 v0x12b621a70_0, 0, 32;
    %pushi/vec4 1, 0, 32;
    %store/vec4 v0x12b621b00_0, 0, 32;
    %delay 10, 0;
    %vpi_call 2 35 "$display", "%0t\011 %h\011 %h\011 %h\011 %b", $time, v0x12b621a70_0, v0x12b621b00_0, v0x12b621c60_0, v0x12b621b90_0 {0 0 0};
    %pushi/vec4 65535, 0, 32;
    %store/vec4 v0x12b621a70_0, 0, 32;
    %pushi/vec4 1, 0, 32;
    %store/vec4 v0x12b621b00_0, 0, 32;
    %delay 10, 0;
    %vpi_call 2 41 "$display", "%0t\011 %h\011 %h\011 %h\011 %b", $time, v0x12b621a70_0, v0x12b621b00_0, v0x12b621c60_0, v0x12b621b90_0 {0 0 0};
    %pushi/vec4 4294967295, 0, 32;
    %store/vec4 v0x12b621a70_0, 0, 32;
    %pushi/vec4 1, 0, 32;
    %store/vec4 v0x12b621b00_0, 0, 32;
    %delay 10, 0;
    %vpi_call 2 47 "$display", "%0t\011 %h\011 %h\011 %h\011 %b", $time, v0x12b621a70_0, v0x12b621b00_0, v0x12b621c60_0, v0x12b621b90_0 {0 0 0};
    %pushi/vec4 4294967295, 0, 32;
    %store/vec4 v0x12b621a70_0, 0, 32;
    %pushi/vec4 4294967295, 0, 32;
    %store/vec4 v0x12b621b00_0, 0, 32;
    %delay 10, 0;
    %vpi_call 2 53 "$display", "%0t\011 %h\011 %h\011 %h\011 %b", $time, v0x12b621a70_0, v0x12b621b00_0, v0x12b621c60_0, v0x12b621b90_0 {0 0 0};
    %vpi_call 2 55 "$finish" {0 0 0};
    %end;
    .thread T_0;
# The file index is used to find the file name in the following table.
:file_names 3;
    "N/A";
    "<interactive>";
    "adder.v";
