#! /opt/homebrew/Cellar/icarus-verilog/12.0/bin/vvp
:ivl_version "12.0 (stable)";
:ivl_delay_selection "TYPICAL";
:vpi_time_precision + 0;
:vpi_module "/opt/homebrew/Cellar/icarus-verilog/12.0/lib/ivl/system.vpi";
:vpi_module "/opt/homebrew/Cellar/icarus-verilog/12.0/lib/ivl/vhdl_sys.vpi";
:vpi_module "/opt/homebrew/Cellar/icarus-verilog/12.0/lib/ivl/vhdl_textio.vpi";
:vpi_module "/opt/homebrew/Cellar/icarus-verilog/12.0/lib/ivl/v2005_math.vpi";
:vpi_module "/opt/homebrew/Cellar/icarus-verilog/12.0/lib/ivl/va_math.vpi";
S_0x158704170 .scope module, "ALU" "ALU" 2 1;
 .timescale 0 0;
    .port_info 0 /INPUT 32 "a";
    .port_info 1 /INPUT 32 "b";
    .port_info 2 /INPUT 3 "sel";
    .port_info 3 /OUTPUT 32 "out";
o0x150008160 .functor BUFZ 32, C4<zzzzzzzzzzzzzzzzzzzzzzzzzzzzzzzz>; HiZ drive
L_0x158714e60 .functor NOT 32, o0x150008160, C4<00000000000000000000000000000000>, C4<00000000000000000000000000000000>, C4<00000000000000000000000000000000>;
v0x1587043c0_0 .net *"_ivl_1", 0 0, L_0x158714dc0;  1 drivers
v0x158714480_0 .net *"_ivl_10", 31 0, L_0x158715250;  1 drivers
L_0x150040010 .functor BUFT 1, C4<0000000000000000000000000000000>, C4<0>, C4<0>, C4<0>;
v0x158714530_0 .net *"_ivl_13", 30 0, L_0x150040010;  1 drivers
v0x1587145f0_0 .net *"_ivl_2", 31 0, L_0x158714e60;  1 drivers
v0x1587146a0_0 .net *"_ivl_6", 31 0, L_0x158715070;  1 drivers
v0x158714790_0 .net *"_ivl_9", 0 0, L_0x158715170;  1 drivers
o0x150008130 .functor BUFZ 32, C4<zzzzzzzzzzzzzzzzzzzzzzzzzzzzzzzz>; HiZ drive
v0x158714840_0 .net "a", 31 0, o0x150008130;  0 drivers
v0x1587148f0_0 .net "b", 31 0, o0x150008160;  0 drivers
v0x1587149a0_0 .net "bornotb", 31 0, L_0x158714ef0;  1 drivers
o0x1500081c0 .functor BUFZ 1, C4<z>; HiZ drive
v0x158714ab0_0 .net "less", 0 0, o0x1500081c0;  0 drivers
v0x158714b50_0 .var "out", 31 0;
o0x150008220 .functor BUFZ 3, C4<zzz>; HiZ drive
v0x158714c00_0 .net "sel", 2 0, o0x150008220;  0 drivers
v0x158714cb0_0 .net "sum", 31 0, L_0x1587153a0;  1 drivers
E_0x158704370 .event anyedge, v0x158714c00_0, v0x1587148f0_0, v0x158714840_0;
L_0x158714dc0 .part o0x150008220, 2, 1;
L_0x158714ef0 .functor MUXZ 32, o0x150008160, L_0x158714e60, L_0x158714dc0, C4<>;
L_0x158715070 .arith/sum 32, o0x150008130, L_0x158714ef0;
L_0x158715170 .part o0x150008220, 2, 1;
L_0x158715250 .concat [ 1 31 0 0], L_0x158715170, L_0x150040010;
L_0x1587153a0 .arith/sum 32, L_0x158715070, L_0x158715250;
    .scope S_0x158704170;
T_0 ;
    %wait E_0x158704370;
    %load/vec4 v0x158714c00_0;
    %parti/s 2, 0, 2;
    %dup/vec4;
    %pushi/vec4 0, 0, 2;
    %cmp/u;
    %jmp/1 T_0.0, 6;
    %dup/vec4;
    %pushi/vec4 1, 0, 2;
    %cmp/u;
    %jmp/1 T_0.1, 6;
    %dup/vec4;
    %pushi/vec4 2, 0, 2;
    %cmp/u;
    %jmp/1 T_0.2, 6;
    %dup/vec4;
    %pushi/vec4 3, 0, 2;
    %cmp/u;
    %jmp/1 T_0.3, 6;
    %pushi/vec4 0, 0, 32;
    %store/vec4 v0x158714b50_0, 0, 32;
    %jmp T_0.5;
T_0.0 ;
    %load/vec4 v0x158714840_0;
    %load/vec4 v0x1587149a0_0;
    %and;
    %store/vec4 v0x158714b50_0, 0, 32;
    %jmp T_0.5;
T_0.1 ;
    %load/vec4 v0x158714840_0;
    %load/vec4 v0x1587149a0_0;
    %or;
    %store/vec4 v0x158714b50_0, 0, 32;
    %jmp T_0.5;
T_0.2 ;
    %load/vec4 v0x158714cb0_0;
    %store/vec4 v0x158714b50_0, 0, 32;
    %jmp T_0.5;
T_0.3 ;
    %pushi/vec4 0, 0, 31;
    %load/vec4 v0x158714ab0_0;
    %concat/vec4; draw_concat_vec4
    %store/vec4 v0x158714b50_0, 0, 32;
    %jmp T_0.5;
T_0.5 ;
    %pop/vec4 1;
    %jmp T_0;
    .thread T_0, $push;
# The file index is used to find the file name in the following table.
:file_names 3;
    "N/A";
    "<interactive>";
    "ALU.v";
