#! /opt/homebrew/Cellar/icarus-verilog/12.0/bin/vvp
:ivl_version "12.0 (stable)";
:ivl_delay_selection "TYPICAL";
:vpi_time_precision + 0;
:vpi_module "/opt/homebrew/Cellar/icarus-verilog/12.0/lib/ivl/system.vpi";
:vpi_module "/opt/homebrew/Cellar/icarus-verilog/12.0/lib/ivl/vhdl_sys.vpi";
:vpi_module "/opt/homebrew/Cellar/icarus-verilog/12.0/lib/ivl/vhdl_textio.vpi";
:vpi_module "/opt/homebrew/Cellar/icarus-verilog/12.0/lib/ivl/v2005_math.vpi";
:vpi_module "/opt/homebrew/Cellar/icarus-verilog/12.0/lib/ivl/va_math.vpi";
S_0x14bf042b0 .scope module, "DataMemory" "DataMemory" 2 1;
 .timescale 0 0;
    .port_info 0 /INPUT 1 "clk";
    .port_info 1 /INPUT 32 "address";
    .port_info 2 /INPUT 32 "wdat";
    .port_info 3 /INPUT 1 "wen";
    .port_info 4 /OUTPUT 32 "readD";
L_0x14bf14fd0 .functor BUFZ 32, L_0x14bf14cd0, C4<00000000000000000000000000000000>, C4<00000000000000000000000000000000>, C4<00000000000000000000000000000000>;
v0x14bf04500 .array "DRAM", 0 63, 31 0;
v0x14bf045b0_0 .net *"_ivl_0", 31 0, L_0x14bf14cd0;  1 drivers
v0x14bf14640_0 .net *"_ivl_3", 5 0, L_0x14bf14d70;  1 drivers
v0x14bf14700_0 .net *"_ivl_4", 7 0, L_0x14bf14e50;  1 drivers
L_0x140040010 .functor BUFT 1, C4<00>, C4<0>, C4<0>, C4<0>;
v0x14bf147b0_0 .net *"_ivl_7", 1 0, L_0x140040010;  1 drivers
o0x1400080d0 .functor BUFZ 32, C4<zzzzzzzzzzzzzzzzzzzzzzzzzzzzzzzz>; HiZ drive
v0x14bf148a0_0 .net "address", 31 0, o0x1400080d0;  0 drivers
o0x140008100 .functor BUFZ 1, C4<z>; HiZ drive
v0x14bf14950_0 .net "clk", 0 0, o0x140008100;  0 drivers
v0x14bf149f0_0 .net "readD", 31 0, L_0x14bf14fd0;  1 drivers
o0x140008160 .functor BUFZ 32, C4<zzzzzzzzzzzzzzzzzzzzzzzzzzzzzzzz>; HiZ drive
v0x14bf14aa0_0 .net "wdat", 31 0, o0x140008160;  0 drivers
o0x140008190 .functor BUFZ 1, C4<z>; HiZ drive
v0x14bf14bb0_0 .net "wen", 0 0, o0x140008190;  0 drivers
E_0x14bf04180 .event posedge, v0x14bf14950_0;
L_0x14bf14cd0 .array/port v0x14bf04500, L_0x14bf14e50;
L_0x14bf14d70 .part o0x1400080d0, 2, 6;
L_0x14bf14e50 .concat [ 6 2 0 0], L_0x14bf14d70, L_0x140040010;
    .scope S_0x14bf042b0;
T_0 ;
    %wait E_0x14bf04180;
    %load/vec4 v0x14bf14bb0_0;
    %flag_set/vec4 8;
    %jmp/0xz  T_0.0, 8;
    %load/vec4 v0x14bf14aa0_0;
    %load/vec4 v0x14bf148a0_0;
    %parti/s 6, 2, 3;
    %pad/u 8;
    %ix/vec4 3;
    %ix/load 4, 0, 0; Constant delay
    %assign/vec4/a/d v0x14bf04500, 0, 4;
    %vpi_call 2 15 "$display", "Address: %h now has data: %h", &PV<v0x14bf148a0_0, 2, 30>, v0x14bf14aa0_0 {0 0 0};
T_0.0 ;
    %jmp T_0;
    .thread T_0;
# The file index is used to find the file name in the following table.
:file_names 3;
    "N/A";
    "<interactive>";
    "DataMemory.v";
